<?xml version="1.0" encoding="UTF-8"?>
<!-- Generated by org.testng.reporters.JUnitXMLReporter -->
<testsuite ignored="0" hostname="DESKTOP-MSLSCOT" failures="1" tests="1" name="Cucumber Tests" time="1.422" errors="0" timestamp="2026-01-05T17:41:13 IST">
  <testcase classname="io.cucumber.testng.AbstractTestNGCucumberTests" name="runScenario" time="0.173">
    <failure type="java.lang.NullPointerException" message="Cannot invoke &amp;quot;org.openqa.selenium.WebDriver.getTitle()&amp;quot; because &amp;quot;this.driver&amp;quot; is null">
      <![CDATA[java.lang.NullPointerException: Cannot invoke "org.openqa.selenium.WebDriver.getTitle()" because "this.driver" is null
at com.orangehrm.automation.practice.stepDefinitions.LoginSteps.the_user_is_on_the_login_page(LoginSteps.java:18)
at ✽.the user is on the login page(file:///C:/Users/Lenovo/eclipse-workspace/practice/src/test/resources/features/login.feature:4)
]]>
    </failure>
  </testcase> <!-- runScenario -->
</testsuite> <!-- Cucumber Tests -->
