<?xml version="1.0" encoding="UTF-8"?>
<testng-results ignored="0" total="1" passed="1" failed="0" skipped="0">
  <reporter-output>
    <line>
      <![CDATA[OrangeHRM]]>
    </line>
  </reporter-output>
  <suite started-at="2026-03-12T12:55:07 IST" name="Default suite" finished-at="2026-03-12T12:55:25 IST" duration-ms="17477">
    <groups>
    </groups>
    <test started-at="2026-03-12T12:55:07 IST" name="Default test" finished-at="2026-03-12T12:55:25 IST" duration-ms="17477">
      <class name="com.orangehrm.automation.practice.LoginTest">
        <test-method is-config="true" signature="setUp()[pri:0, instance:com.orangehrm.automation.practice.LoginTest@28701274]" started-at="2026-03-12T12:55:07 IST" name="setUp" finished-at="2026-03-12T12:55:20 IST" duration-ms="12675" status="PASS">
          <reporter-output>
          </reporter-output>
        </test-method> <!-- setUp -->
        <test-method signature="validLoginTest()[pri:0, instance:com.orangehrm.automation.practice.LoginTest@28701274]" started-at="2026-03-12T12:55:20 IST" name="validLoginTest" finished-at="2026-03-12T12:55:24 IST" duration-ms="4449" status="PASS">
          <reporter-output>
            <line>
              <![CDATA[OrangeHRM]]>
            </line>
          </reporter-output>
        </test-method> <!-- validLoginTest -->
        <test-method is-config="true" signature="tearDown()[pri:0, instance:com.orangehrm.automation.practice.LoginTest@28701274]" started-at="2026-03-12T12:55:24 IST" name="tearDown" finished-at="2026-03-12T12:55:25 IST" duration-ms="280" status="PASS">
          <reporter-output>
          </reporter-output>
        </test-method> <!-- tearDown -->
      </class> <!-- com.orangehrm.automation.practice.LoginTest -->
    </test> <!-- Default test -->
  </suite> <!-- Default suite -->
</testng-results>
