<?xml version="1.0" encoding="UTF-8"?>
<!-- Generated by org.testng.reporters.JUnitReportReporter -->
<testsuite hostname="DESKTOP-MSLSCOT" failures="0" tests="1" name="com.orangehrm.automation.practice.LoginTest" time="17.404" errors="0" timestamp="2026-03-12T12:55:25 IST" skipped="0">
  <testcase classname="com.orangehrm.automation.practice.LoginTest" name="validLoginTest" time="17.404">
    <system-out>
      <![CDATA[OrangeHRM]]>
    </system-out>
  </testcase> <!-- validLoginTest -->
  <system-out>
    <![CDATA[OrangeHRM]]>
  </system-out>
</testsuite> <!-- com.orangehrm.automation.practice.LoginTest -->
