<?xml version="1.0" encoding="UTF-8"?>
<!-- Generated by org.testng.reporters.JUnitReportReporter -->
<testsuite hostname="DESKTOP-MSLSCOT" failures="0" tests="1" name="com.orangehrm.automation.practice.runners.TestRunner" time="0.173" errors="1" timestamp="2026-01-05T17:41:14 IST" skipped="0">
  <testcase classname="com.orangehrm.automation.practice.runners.TestRunner" name="runScenario" time="0.173">
    <error message="Cannot invoke &quot;org.openqa.selenium.WebDriver.getTitle()&quot; because &quot;this.driver&quot; is null" type="java.lang.NullPointerException">
      <![CDATA[java.lang.NullPointerException: Cannot invoke "org.openqa.selenium.WebDriver.getTitle()" because "this.driver" is null
at com.orangehrm.automation.practice.stepDefinitions.LoginSteps.the_user_is_on_the_login_page(LoginSteps.java:18)
at ✽.the user is on the login page(file:///C:/Users/Lenovo/eclipse-workspace/practice/src/test/resources/features/login.feature:4)
]]>
    </error>
  </testcase> <!-- runScenario -->
</testsuite> <!-- com.orangehrm.automation.practice.runners.TestRunner -->
